<?xml version="1.0" encoding="UTF-8"?>
<!-- Generated by org.testng.reporters.JUnitXMLReporter -->
<testsuite ignored="3" hostname="DESKTOP-7PTRHU1" failures="3" tests="9" name="Test" time="0.111" errors="0" timestamp="2022-04-26T16:11:01 IST">
  <testcase classname="project_name.tests.LoginTest" name="@AfterMethod teardown" time="0.002">
    <failure type="java.lang.NullPointerException" message="Cannot invoke &amp;quot;org.openqa.selenium.WebDriver.quit()&amp;quot; because &amp;quot;this.driver&amp;quot; is null">
      <![CDATA[java.lang.NullPointerException: Cannot invoke "org.openqa.selenium.WebDriver.quit()" because "this.driver" is null
at project_name.tests.LoginTest.teardown(LoginTest.java:49)
at java.base/java.util.ArrayList.forEach(ArrayList.java:1511)
... Removed 32 stack frames]]>
    </failure>
  </testcase> <!-- @AfterMethod teardown -->
  <testcase classname="project_name.tests.LoginTest" name="@AfterMethod teardown" time="0.0">
    <failure type="java.lang.NullPointerException" message="Cannot invoke &amp;quot;org.openqa.selenium.WebDriver.quit()&amp;quot; because &amp;quot;this.driver&amp;quot; is null">
      <![CDATA[java.lang.NullPointerException: Cannot invoke "org.openqa.selenium.WebDriver.quit()" because "this.driver" is null
at project_name.tests.LoginTest.teardown(LoginTest.java:49)
at java.base/java.util.ArrayList.forEach(ArrayList.java:1511)
... Removed 32 stack frames]]>
    </failure>
  </testcase> <!-- @AfterMethod teardown -->
  <testcase classname="project_name.tests.LoginTest" name="@AfterMethod teardown" time="0.0">
    <failure type="java.lang.NullPointerException" message="Cannot invoke &amp;quot;org.openqa.selenium.WebDriver.quit()&amp;quot; because &amp;quot;this.driver&amp;quot; is null">
      <![CDATA[java.lang.NullPointerException: Cannot invoke "org.openqa.selenium.WebDriver.quit()" because "this.driver" is null
at project_name.tests.LoginTest.teardown(LoginTest.java:49)
at java.base/java.util.ArrayList.forEach(ArrayList.java:1511)
... Removed 32 stack frames]]>
    </failure>
  </testcase> <!-- @AfterMethod teardown -->
  <testcase classname="project_name.tests.SearchBarTest" name="@AfterMethod teardown" time="0.0">
    <failure type="java.lang.NullPointerException" message="Cannot invoke &amp;quot;org.openqa.selenium.WebDriver.quit()&amp;quot; because &amp;quot;this.driver&amp;quot; is null">
      <![CDATA[java.lang.NullPointerException: Cannot invoke "org.openqa.selenium.WebDriver.quit()" because "this.driver" is null
at project_name.tests.SearchBarTest.teardown(SearchBarTest.java:52)
at java.base/java.util.ArrayList.forEach(ArrayList.java:1511)
... Removed 32 stack frames]]>
    </failure>
  </testcase> <!-- @AfterMethod teardown -->
  <testcase classname="project_name.tests.SearchBarTest" name="@AfterMethod teardown" time="0.0">
    <failure type="java.lang.NullPointerException" message="Cannot invoke &amp;quot;org.openqa.selenium.WebDriver.quit()&amp;quot; because &amp;quot;this.driver&amp;quot; is null">
      <![CDATA[java.lang.NullPointerException: Cannot invoke "org.openqa.selenium.WebDriver.quit()" because "this.driver" is null
at project_name.tests.SearchBarTest.teardown(SearchBarTest.java:52)
at java.base/java.util.ArrayList.forEach(ArrayList.java:1511)
... Removed 32 stack frames]]>
    </failure>
  </testcase> <!-- @AfterMethod teardown -->
  <testcase classname="project_name.tests.SearchBarTest" name="@AfterMethod teardown" time="0.0">
    <failure type="java.lang.NullPointerException" message="Cannot invoke &amp;quot;org.openqa.selenium.WebDriver.quit()&amp;quot; because &amp;quot;this.driver&amp;quot; is null">
      <![CDATA[java.lang.NullPointerException: Cannot invoke "org.openqa.selenium.WebDriver.quit()" because "this.driver" is null
at project_name.tests.SearchBarTest.teardown(SearchBarTest.java:52)
at java.base/java.util.ArrayList.forEach(ArrayList.java:1511)
... Removed 32 stack frames]]>
    </failure>
  </testcase> <!-- @AfterMethod teardown -->
  <testcase classname="project_name.tests.SearchResultsTest" name="@AfterMethod teardown" time="0.001">
    <failure type="java.lang.NullPointerException" message="Cannot invoke &amp;quot;org.openqa.selenium.WebDriver.quit()&amp;quot; because &amp;quot;this.driver&amp;quot; is null">
      <![CDATA[java.lang.NullPointerException: Cannot invoke "org.openqa.selenium.WebDriver.quit()" because "this.driver" is null
at project_name.tests.SearchResultsTest.teardown(SearchResultsTest.java:56)
at java.base/java.util.ArrayList.forEach(ArrayList.java:1511)
... Removed 32 stack frames]]>
    </failure>
  </testcase> <!-- @AfterMethod teardown -->
  <testcase classname="project_name.tests.SearchResultsTest" name="@AfterMethod teardown" time="0.0">
    <failure type="java.lang.NullPointerException" message="Cannot invoke &amp;quot;org.openqa.selenium.WebDriver.quit()&amp;quot; because &amp;quot;this.driver&amp;quot; is null">
      <![CDATA[java.lang.NullPointerException: Cannot invoke "org.openqa.selenium.WebDriver.quit()" because "this.driver" is null
at project_name.tests.SearchResultsTest.teardown(SearchResultsTest.java:56)
at java.base/java.util.ArrayList.forEach(ArrayList.java:1511)
... Removed 32 stack frames]]>
    </failure>
  </testcase> <!-- @AfterMethod teardown -->
  <testcase classname="project_name.tests.SearchResultsTest" name="@AfterMethod teardown" time="0.001">
    <failure type="java.lang.NullPointerException" message="Cannot invoke &amp;quot;org.openqa.selenium.WebDriver.quit()&amp;quot; because &amp;quot;this.driver&amp;quot; is null">
      <![CDATA[java.lang.NullPointerException: Cannot invoke "org.openqa.selenium.WebDriver.quit()" because "this.driver" is null
at project_name.tests.SearchResultsTest.teardown(SearchResultsTest.java:56)
at java.base/java.util.ArrayList.forEach(ArrayList.java:1511)
... Removed 32 stack frames]]>
    </failure>
  </testcase> <!-- @AfterMethod teardown -->
  <testcase classname="project_name.tests.LoginTest" name="verifyLoginFailureWithInvalidPassword" time="0.013">
    <failure type="java.lang.NullPointerException" message="Cannot invoke &amp;quot;project_name.pages.HomePage.clickOnIcon()&amp;quot; because &amp;quot;this.homePage&amp;quot; is null">
      <![CDATA[java.lang.NullPointerException: Cannot invoke "project_name.pages.HomePage.clickOnIcon()" because "this.homePage" is null
at project_name.tests.LoginTest.verifyLoginFailureWithInvalidPassword(LoginTest.java:37)
at java.base/java.util.ArrayList.forEach(ArrayList.java:1511)
... Removed 27 stack frames]]>
    </failure>
  </testcase> <!-- verifyLoginFailureWithInvalidPassword -->
  <testcase classname="project_name.tests.LoginTest" name="verifyLoginFailureWithNullValuesInCredentials" time="0.0">
    <skipped/>
  </testcase> <!-- verifyLoginFailureWithNullValuesInCredentials -->
  <testcase classname="project_name.tests.LoginTest" name="verifyLoginFailuresWithInvalidUsername" time="0.0">
    <skipped/>
  </testcase> <!-- verifyLoginFailuresWithInvalidUsername -->
  <testcase classname="project_name.tests.SearchBarTest" name="verifyLoginFailureWithInvalidPassword" time="0.001">
    <failure type="java.lang.NullPointerException" message="Cannot invoke &amp;quot;project_name.pages.HomePage.clickOnIcon()&amp;quot; because &amp;quot;this.homePage&amp;quot; is null">
      <![CDATA[java.lang.NullPointerException: Cannot invoke "project_name.pages.HomePage.clickOnIcon()" because "this.homePage" is null
at project_name.tests.SearchBarTest.verifyLoginFailureWithInvalidPassword(SearchBarTest.java:39)
at java.base/java.util.ArrayList.forEach(ArrayList.java:1511)
... Removed 27 stack frames]]>
    </failure>
  </testcase> <!-- verifyLoginFailureWithInvalidPassword -->
  <testcase classname="project_name.tests.SearchBarTest" name="verifyLoginFailureWithNullValuesInCredentials" time="0.0">
    <skipped/>
  </testcase> <!-- verifyLoginFailureWithNullValuesInCredentials -->
  <testcase classname="project_name.tests.SearchBarTest" name="verifyLoginFailuresWithInvalidUsername" time="0.0">
    <skipped/>
  </testcase> <!-- verifyLoginFailuresWithInvalidUsername -->
  <testcase classname="project_name.tests.SearchResultsTest" name="verifyLoginFailureWithInvalidPassword" time="0.001">
    <failure type="java.lang.NullPointerException" message="Cannot invoke &amp;quot;project_name.pages.HomePage.clickOnIcon()&amp;quot; because &amp;quot;this.homePage&amp;quot; is null">
      <![CDATA[java.lang.NullPointerException: Cannot invoke "project_name.pages.HomePage.clickOnIcon()" because "this.homePage" is null
at project_name.tests.SearchResultsTest.verifyLoginFailureWithInvalidPassword(SearchResultsTest.java:43)
at java.base/java.util.ArrayList.forEach(ArrayList.java:1511)
... Removed 27 stack frames]]>
    </failure>
  </testcase> <!-- verifyLoginFailureWithInvalidPassword -->
  <testcase classname="project_name.tests.SearchResultsTest" name="verifyLoginFailureWithNullValuesInCredentials" time="0.001">
    <skipped/>
  </testcase> <!-- verifyLoginFailureWithNullValuesInCredentials -->
  <testcase classname="project_name.tests.SearchResultsTest" name="verifyLoginFailuresWithInvalidUsername" time="0.001">
    <skipped/>
  </testcase> <!-- verifyLoginFailuresWithInvalidUsername -->
  <testcase classname="project_name.tests.SearchBarTest" name="verifyLoginSuccessWithValidCredentials" time="0.0">
    <ignored/>
  </testcase> <!-- verifyLoginSuccessWithValidCredentials -->
  <testcase classname="project_name.tests.SearchResultsTest" name="verifyLoginSuccessWithValidCredentials" time="0.0">
    <ignored/>
  </testcase> <!-- verifyLoginSuccessWithValidCredentials -->
  <testcase classname="project_name.tests.LoginTest" name="verifyLoginSuccessWithValidCredentials" time="0.0">
    <ignored/>
  </testcase> <!-- verifyLoginSuccessWithValidCredentials -->
</testsuite> <!-- Test -->
